<?xml version="1.0" encoding="UTF-8"?>
<testsuite xmlns:xsi="http://www.w3.org/2001/XMLSchema-instance" xsi:noNamespaceSchemaLocation="https://maven.apache.org/surefire/maven-surefire-plugin/xsd/surefire-test-report.xsd" name="com.qasdet.exam.QasdetApplicationTests" time="27.059" tests="3" errors="0" skipped="0" failures="0">
  <properties>
[...]
</properties>
  <testcase name="processNameFail" classname="com.qasdet.exam.QasdetApplicationTests" time="6.932"/>
  <testcase name="processStatusPass" classname="com.qasdet.exam.QasdetApplicationTests" time="0.239"/>
  <testcase name="processName" classname="com.qasdet.exam.QasdetApplicationTests" time="0.922"/>
</testsuite>